{
  "RSpec": {
    "coverage": {
      "/home/dashing-variable-3936/tic-tac-toe-rb-ruby-apply-000/lib/tic_tac_toe.rb": [
        null,
        1,
        null,
        null,
        null,
        null,
        null,
        null,
        null,
        null,
        null,
        null,
        1,
        13,
        13,
        13,
        13,
        13,
        null,
        null,
        null,
        1,
        12,
        null,
        null,
        null,
        1,
        3,
        null,
        null,
        null,
        1,
        226,
        194,
        null,
        32,
        null,
        null,
        null,
        null,
        1,
        12,
        9,
        null,
        3,
        null,
        null,
        null,
        null,
        1,
        10,
        10,
        90,
        5,
        null,
        null,
        10,
        null,
        null,
        null,
        1,
        9,
        null,
        null,
        null,
        1,
        8,
        null,
        null,
        null,
        1,
        9,
        9,
        9,
        9,
        8,
        8,
        null,
        1,
        null,
        null,
        null,
        null,
        null,
        1,
        67,
        401,
        401,
        401,
        null,
        401,
        401,
        401,
        null,
        401,
        29,
        null,
        null,
        38,
        null,
        null,
        null,
        1,
        173,
        null,
        null,
        null,
        1,
        31,
        7,
        24,
        24,
        null,
        null,
        null,
        null,
        1,
        11,
        7,
        null,
        null,
        null,
        null,
        1,
        6,
        5,
        null,
        null,
        null,
        null,
        1,
        12,
        6,
        null,
        12,
        4,
        null,
        12,
        3,
        null,
        null
      ]
    },
    "timestamp": 1605135220
  }
}
